2025-11-15 15:14:32.522  WARN 4085 --- [main] c.c.f.f.i.p.DefaultApplicationProvider   : app.id is not available from System Property and /META-INF/app.properties. It is set to null
2025-11-15 15:14:32.523  WARN 4085 --- [main] c.c.f.f.i.p.DefaultApplicationProvider   : app.label is not available from System Property and /META-INF/app.properties. It is set to null
2025-11-15 15:14:32.524  INFO 4085 --- [main] c.c.f.f.i.p.DefaultServerProvider        : Environment is set to null. Because it is not available in either (1) JVM system property 'env', (2) OS env variable 'ENV' nor (3) property 'env' from the properties InputStream.
2025-11-15 15:14:32.552  INFO 4085 --- [main] c.c.f.a.i.DefaultMetaServerProvider      : Located meta services from apollo.meta configuration: http://localhost:8080!
2025-11-15 15:14:32.555  INFO 4085 --- [main] c.c.f.apollo.core.MetaDomainConsts       : Located meta server address http://localhost:8080 for env UNKNOWN from com.ctrip.framework.apollo.internals.DefaultMetaServerProvider
2025-11-15 15:14:32.555  WARN 4085 --- [main] c.c.framework.apollo.util.ConfigUtil     : app.id is not set, please make sure it is set in classpath:/META-INF/app.properties, now apollo will only load public namespace configurations!
2025-11-15 15:14:36.594  WARN 4085 --- [main] c.c.f.a.i.AbstractConfigRepository       : Sync config failed, will retry. Repository class com.ctrip.framework.apollo.internals.RemoteConfigRepository, reason: Get config services failed from http://localhost:8080/services/config?appId=ApolloNoAppIdPlaceHolder&ip=10.1.0.178 [Cause: Could not complete get operation [Cause: Connection refused]]
2025-11-15 15:14:38.598  WARN 4085 --- [main] c.c.f.a.i.LocalFileConfigRepository      : Sync config from upstream repository class com.ctrip.framework.apollo.internals.RemoteConfigRepository failed, reason: Get config services failed from http://localhost:8080/services/config?appId=ApolloNoAppIdPlaceHolder&ip=10.1.0.178 [Cause: Could not complete get operation [Cause: Connection refused]]
2025-11-15 15:14:38.599  WARN 4085 --- [main] c.c.f.a.i.AbstractConfigRepository       : Sync config failed, will retry. Repository class com.ctrip.framework.apollo.internals.LocalFileConfigRepository, reason: Load config from local config failed! [Cause: Cannot read from local cache file /opt/data/ApolloNoAppIdPlaceHolder/config-cache/ApolloNoAppIdPlaceHolder+default+application.properties]
2025-11-15 15:14:40.601  WARN 4085 --- [Apollo-RemoteConfigLongPollService-1] c.c.f.a.i.RemoteConfigLongPollService    : Long polling failed, will retry in 1 seconds. appId: ApolloNoAppIdPlaceHolder, cluster: default, namespaces: application, long polling url: null, reason: Get config services failed from http://localhost:8080/services/config?appId=ApolloNoAppIdPlaceHolder&ip=10.1.0.178 [Cause: Could not complete get operation [Cause: Connection refused]]
2025-11-15 15:14:42.601  WARN 4085 --- [main] c.c.f.a.i.LocalFileConfigRepository      : Sync config from upstream repository class com.ctrip.framework.apollo.internals.RemoteConfigRepository failed, reason: Get config services failed from http://localhost:8080/services/config?appId=ApolloNoAppIdPlaceHolder&ip=10.1.0.178 [Cause: Could not complete get operation [Cause: Connection refused]]
2025-11-15 15:14:42.601  WARN 4085 --- [main] c.c.f.apollo.internals.DefaultConfig     : Init Apollo Local Config failed - namespace: application, reason: Load config from local config failed! [Cause: Cannot read from local cache file /opt/data/ApolloNoAppIdPlaceHolder/config-cache/ApolloNoAppIdPlaceHolder+default+application.properties].
2025-11-15 15:14:44.602  WARN 4085 --- [Apollo-RemoteConfigLongPollService-1] c.c.f.a.i.RemoteConfigLongPollService    : Long polling failed, will retry in 2 seconds. appId: ApolloNoAppIdPlaceHolder, cluster: default, namespaces: application, long polling url: null, reason: Get config services failed from http://localhost:8080/services/config?appId=ApolloNoAppIdPlaceHolder&ip=10.1.0.178 [Cause: Could not complete get operation [Cause: Connection refused]]
2025-11-15 15:14:46.604  WARN 4085 --- [main] c.c.f.a.i.AbstractConfigRepository       : Sync config failed, will retry. Repository class com.ctrip.framework.apollo.internals.RemoteConfigRepository, reason: Get config services failed from http://localhost:8080/services/config?appId=ApolloNoAppIdPlaceHolder&ip=10.1.0.178 [Cause: Could not complete get operation [Cause: Connection refused]]
2025-11-15 15:14:48.605  WARN 4085 --- [Apollo-RemoteConfigLongPollService-1] c.c.f.a.i.RemoteConfigLongPollService    : Long polling failed, will retry in 4 seconds. appId: ApolloNoAppIdPlaceHolder, cluster: default, namespaces: message-center+application, long polling url: null, reason: Get config services failed from http://localhost:8080/services/config?appId=ApolloNoAppIdPlaceHolder&ip=10.1.0.178 [Cause: Could not complete get operation [Cause: Connection refused]]
2025-11-15 15:14:50.606  WARN 4085 --- [main] c.c.f.a.i.LocalFileConfigRepository      : Sync config from upstream repository class com.ctrip.framework.apollo.internals.RemoteConfigRepository failed, reason: Get config services failed from http://localhost:8080/services/config?appId=ApolloNoAppIdPlaceHolder&ip=10.1.0.178 [Cause: Could not complete get operation [Cause: Connection refused]]
2025-11-15 15:14:50.607  WARN 4085 --- [main] c.c.f.a.i.AbstractConfigRepository       : Sync config failed, will retry. Repository class com.ctrip.framework.apollo.internals.LocalFileConfigRepository, reason: Load config from local config failed! [Cause: Cannot read from local cache file /opt/data/ApolloNoAppIdPlaceHolder/config-cache/ApolloNoAppIdPlaceHolder+default+message-center.properties]
2025-11-15 15:14:52.609  WARN 4085 --- [main] c.c.f.a.i.LocalFileConfigRepository      : Sync config from upstream repository class com.ctrip.framework.apollo.internals.RemoteConfigRepository failed, reason: Get config services failed from http://localhost:8080/services/config?appId=ApolloNoAppIdPlaceHolder&ip=10.1.0.178 [Cause: Could not complete get operation [Cause: Connection refused]]
2025-11-15 15:14:52.609  WARN 4085 --- [main] c.c.f.apollo.internals.DefaultConfig     : Init Apollo Local Config failed - namespace: message-center, reason: Load config from local config failed! [Cause: Cannot read from local cache file /opt/data/ApolloNoAppIdPlaceHolder/config-cache/ApolloNoAppIdPlaceHolder+default+message-center.properties].
2025-11-15 15:14:52.610  WARN 4085 --- [main] c.c.f.apollo.internals.DefaultConfig     : Could not load config for namespace application from Apollo, please check whether the configs are released in Apollo! Return default value now!
2025-11-15 15:14:52.610  WARN 4085 --- [main] c.c.f.apollo.internals.DefaultConfig     : Could not load config for namespace message-center from Apollo, please check whether the configs are released in Apollo! Return default value now!
2025-11-15 15:14:52.626  INFO 4085 --- [main] c.g.m.controller.TemplateControllerTest  : Starting TemplateControllerTest using Java 17.0.17 on runnervmg1sw1 with PID 4085 (started by runner in /home/runner/work/message-center/message-center)
2025-11-15 15:14:52.626 DEBUG 4085 --- [main] c.g.m.controller.TemplateControllerTest  : Running with Spring Boot v2.7.10, Spring v5.3.26
2025-11-15 15:14:52.626  INFO 4085 --- [main] c.g.m.controller.TemplateControllerTest  : No active profile set, falling back to 1 default profile: "default"
2025-11-15 15:14:53.758  INFO 4085 --- [main] o.s.b.t.m.w.SpringBootMockServletContext : Initializing Spring TestDispatcherServlet ''
2025-11-15 15:14:53.758  INFO 4085 --- [main] o.s.t.web.servlet.TestDispatcherServlet  : Initializing Servlet ''
2025-11-15 15:14:53.759  INFO 4085 --- [main] o.s.t.web.servlet.TestDispatcherServlet  : Completed initialization in 1 ms
2025-11-15 15:14:53.789  INFO 4085 --- [main] c.g.m.controller.TemplateControllerTest  : Started TemplateControllerTest in 21.701 seconds (JVM running for 23.311)
2025-11-15 15:14:53.950  WARN 4085 --- [main] .w.s.m.s.DefaultHandlerExceptionResolver : Resolved [org.springframework.web.bind.MethodArgumentNotValidException: Validation failed for argument [0] in public cn.gt.msg.dto.Result<java.lang.Void> cn.gt.msg.controller.TemplateController.registerTemplate(cn.gt.msg.dto.TemplateRegisterRequest): [Field error in object 'templateRegisterRequest' on field 'templateId': rejected value [null]; codes [NotBlank.templateRegisterRequest.templateId,NotBlank.templateId,NotBlank.java.lang.String,NotBlank]; arguments [org.springframework.context.support.DefaultMessageSourceResolvable: codes [templateRegisterRequest.templateId,templateId]; arguments []; default message [templateId]]; default message [模板ID不能为空]] ]
2025-11-15 15:14:54.029  INFO 4085 --- [main] cn.gt.msg.controller.TemplateController  : 接收到模板注册请求: test_template
2025-11-15 15:14:54.058  INFO 4085 --- [main] .b.t.a.w.s.WebMvcTestContextBootstrapper : Neither @ContextConfiguration nor @ContextHierarchy found for test class [cn.gt.msg.controller.MessageControllerTest], using SpringBootContextLoader
2025-11-15 15:14:54.058  INFO 4085 --- [main] o.s.t.c.support.AbstractContextLoader    : Could not detect default resource locations for test class [cn.gt.msg.controller.MessageControllerTest]: no resource found for suffixes {-context.xml, Context.groovy}.
2025-11-15 15:14:54.059  INFO 4085 --- [main] t.c.s.AnnotationConfigContextLoaderUtils : Could not detect default configuration classes for test class [cn.gt.msg.controller.MessageControllerTest]: MessageControllerTest does not declare any static, non-private, non-final, nested classes annotated with @Configuration.
2025-11-15 15:14:54.063  INFO 4085 --- [main] .b.t.c.SpringBootTestContextBootstrapper : Found @SpringBootConfiguration cn.gt.msg.MessageApplication for test class cn.gt.msg.controller.MessageControllerTest
2025-11-15 15:14:54.063  INFO 4085 --- [main] .b.t.a.w.s.WebMvcTestContextBootstrapper : Loaded default TestExecutionListener class names from location [META-INF/spring.factories]: [org.springframework.boot.test.mock.mockito.MockitoTestExecutionListener, org.springframework.boot.test.mock.mockito.ResetMocksTestExecutionListener, org.springframework.boot.test.autoconfigure.restdocs.RestDocsTestExecutionListener, org.springframework.boot.test.autoconfigure.web.client.MockRestServiceServerResetTestExecutionListener, org.springframework.boot.test.autoconfigure.web.servlet.MockMvcPrintOnlyOnFailureTestExecutionListener, org.springframework.boot.test.autoconfigure.web.servlet.WebDriverTestExecutionListener, org.springframework.boot.test.autoconfigure.webservices.client.MockWebServiceServerTestExecutionListener, org.springframework.test.context.web.ServletTestExecutionListener, org.springframework.test.context.support.DirtiesContextBeforeModesTestExecutionListener, org.springframework.test.context.event.ApplicationEventsTestExecutionListener, org.springframework.test.context.support.DependencyInjectionTestExecutionListener, org.springframework.test.context.support.DirtiesContextTestExecutionListener, org.springframework.test.context.transaction.TransactionalTestExecutionListener, org.springframework.test.context.jdbc.SqlScriptsTestExecutionListener, org.springframework.test.context.event.EventPublishingTestExecutionListener]
2025-11-15 15:14:54.064  INFO 4085 --- [main] .b.t.a.w.s.WebMvcTestContextBootstrapper : Using TestExecutionListeners: [org.springframework.test.context.web.ServletTestExecutionListener@19ce19b7, org.springframework.test.context.support.DirtiesContextBeforeModesTestExecutionListener@13047d3d, org.springframework.test.context.event.ApplicationEventsTestExecutionListener@4b240276, org.springframework.boot.test.mock.mockito.MockitoTestExecutionListener@2a5efbb9, org.springframework.boot.test.autoconfigure.SpringBootDependencyInjectionTestExecutionListener@43b45ce4, org.springframework.test.context.support.DirtiesContextTestExecutionListener@73e93c3a, org.springframework.test.context.transaction.TransactionalTestExecutionListener@1835b783, org.springframework.test.context.jdbc.SqlScriptsTestExecutionListener@456b140f, org.springframework.test.context.event.EventPublishingTestExecutionListener@2459333a, org.springframework.boot.test.mock.mockito.ResetMocksTestExecutionListener@1e6bd367, org.springframework.boot.test.autoconfigure.restdocs.RestDocsTestExecutionListener@2bd7f686, org.springframework.boot.test.autoconfigure.web.client.MockRestServiceServerResetTestExecutionListener@3601549f, org.springframework.boot.test.autoconfigure.web.servlet.MockMvcPrintOnlyOnFailureTestExecutionListener@5b2c7186, org.springframework.boot.test.autoconfigure.web.servlet.WebDriverTestExecutionListener@1b9c716f, org.springframework.boot.test.autoconfigure.webservices.client.MockWebServiceServerTestExecutionListener@f6bc75c]
2025-11-15 15:14:54.101  INFO 4085 --- [main] c.g.m.controller.MessageControllerTest   : Starting MessageControllerTest using Java 17.0.17 on runnervmg1sw1 with PID 4085 (started by runner in /home/runner/work/message-center/message-center)
2025-11-15 15:14:54.101 DEBUG 4085 --- [main] c.g.m.controller.MessageControllerTest   : Running with Spring Boot v2.7.10, Spring v5.3.26
2025-11-15 15:14:54.102  INFO 4085 --- [main] c.g.m.controller.MessageControllerTest   : No active profile set, falling back to 1 default profile: "default"
2025-11-15 15:14:54.458  INFO 4085 --- [main] o.s.b.t.m.w.SpringBootMockServletContext : Initializing Spring TestDispatcherServlet ''
2025-11-15 15:14:54.458  INFO 4085 --- [main] o.s.t.web.servlet.TestDispatcherServlet  : Initializing Servlet ''
2025-11-15 15:14:54.458  INFO 4085 --- [main] o.s.t.web.servlet.TestDispatcherServlet  : Completed initialization in 0 ms
2025-11-15 15:14:54.469  INFO 4085 --- [main] c.g.m.controller.MessageControllerTest   : Started MessageControllerTest in 0.402 seconds (JVM running for 23.991)
2025-11-15 15:14:54.487  INFO 4085 --- [main] cn.gt.msg.controller.MessageController   : 接收到消息推送请求, templateId: test_template
2025-11-15 15:14:54.505  WARN 4085 --- [main] .w.s.m.s.DefaultHandlerExceptionResolver : Resolved [org.springframework.web.bind.MethodArgumentNotValidException: Validation failed for argument [0] in public cn.gt.msg.dto.Result<java.lang.String> cn.gt.msg.controller.MessageController.pushMessage(cn.gt.msg.dto.MessagePushRequest): [Field error in object 'messagePushRequest' on field 'templateId': rejected value [null]; codes [NotBlank.messagePushRequest.templateId,NotBlank.templateId,NotBlank.java.lang.String,NotBlank]; arguments [org.springframework.context.support.DefaultMessageSourceResolvable: codes [messagePushRequest.templateId,templateId]; arguments []; default message [templateId]]; default message [模板ID不能为空]] ]
2025-11-15 15:14:54.512  INFO 4085 --- [main] cn.gt.msg.controller.MessageController   : 接收到消息推送请求, templateId: test_template
2025-11-15 15:14:54.515 ERROR 4085 --- [main] cn.gt.msg.controller.MessageController   : 消息推送失败

java.lang.RuntimeException: 模板不存在
	at cn.gt.msg.controller.MessageController.pushMessage(MessageController.java:35) ~[classes/:na]
	at java.base/jdk.internal.reflect.NativeMethodAccessorImpl.invoke0(Native Method) ~[na:na]
	at java.base/jdk.internal.reflect.NativeMethodAccessorImpl.invoke(NativeMethodAccessorImpl.java:77) ~[na:na]
	at java.base/jdk.internal.reflect.DelegatingMethodAccessorImpl.invoke(DelegatingMethodAccessorImpl.java:43) ~[na:na]
	at java.base/java.lang.reflect.Method.invoke(Method.java:569) ~[na:na]
	at org.springframework.web.method.support.InvocableHandlerMethod.doInvoke(InvocableHandlerMethod.java:205) ~[spring-web-5.3.26.jar:5.3.26]
	at org.springframework.web.method.support.InvocableHandlerMethod.invokeForRequest(InvocableHandlerMethod.java:150) ~[spring-web-5.3.26.jar:5.3.26]
	at org.springframework.web.servlet.mvc.method.annotation.ServletInvocableHandlerMethod.invokeAndHandle(ServletInvocableHandlerMethod.java:117) ~[spring-webmvc-5.3.26.jar:5.3.26]
	at org.springframework.web.servlet.mvc.method.annotation.RequestMappingHandlerAdapter.invokeHandlerMethod(RequestMappingHandlerAdapter.java:895) ~[spring-webmvc-5.3.26.jar:5.3.26]
	at org.springframework.web.servlet.mvc.method.annotation.RequestMappingHandlerAdapter.handleInternal(RequestMappingHandlerAdapter.java:808) ~[spring-webmvc-5.3.26.jar:5.3.26]
	at org.springframework.web.servlet.mvc.method.AbstractHandlerMethodAdapter.handle(AbstractHandlerMethodAdapter.java:87) ~[spring-webmvc-5.3.26.jar:5.3.26]
	at org.springframework.web.servlet.DispatcherServlet.doDispatch(DispatcherServlet.java:1072) ~[spring-webmvc-5.3.26.jar:5.3.26]
	at org.springframework.web.servlet.DispatcherServlet.doService(DispatcherServlet.java:965) ~[spring-webmvc-5.3.26.jar:5.3.26]
	at org.springframework.web.servlet.FrameworkServlet.processRequest(FrameworkServlet.java:1006) ~[spring-webmvc-5.3.26.jar:5.3.26]
	at org.springframework.web.servlet.FrameworkServlet.doPost(FrameworkServlet.java:909) ~[spring-webmvc-5.3.26.jar:5.3.26]
	at javax.servlet.http.HttpServlet.service(HttpServlet.java:528) ~[tomcat-embed-core-9.0.73.jar:4.0.FR]
	at org.springframework.web.servlet.FrameworkServlet.service(FrameworkServlet.java:883) ~[spring-webmvc-5.3.26.jar:5.3.26]
	at org.springframework.test.web.servlet.TestDispatcherServlet.service(TestDispatcherServlet.java:72) ~[spring-test-5.3.26.jar:5.3.26]
	at javax.servlet.http.HttpServlet.service(HttpServlet.java:596) ~[tomcat-embed-core-9.0.73.jar:4.0.FR]
	at org.springframework.mock.web.MockFilterChain$ServletFilterProxy.doFilter(MockFilterChain.java:167) ~[spring-test-5.3.26.jar:5.3.26]
	at org.springframework.mock.web.MockFilterChain.doFilter(MockFilterChain.java:134) ~[spring-test-5.3.26.jar:5.3.26]
	at org.springframework.web.filter.RequestContextFilter.doFilterInternal(RequestContextFilter.java:100) ~[spring-web-5.3.26.jar:5.3.26]
	at org.springframework.web.filter.OncePerRequestFilter.doFilter(OncePerRequestFilter.java:117) ~[spring-web-5.3.26.jar:5.3.26]
	at org.springframework.mock.web.MockFilterChain.doFilter(MockFilterChain.java:134) ~[spring-test-5.3.26.jar:5.3.26]
	at org.springframework.web.filter.FormContentFilter.doFilterInternal(FormContentFilter.java:93) ~[spring-web-5.3.26.jar:5.3.26]
	at org.springframework.web.filter.OncePerRequestFilter.doFilter(OncePerRequestFilter.java:117) ~[spring-web-5.3.26.jar:5.3.26]
	at org.springframework.mock.web.MockFilterChain.doFilter(MockFilterChain.java:134) ~[spring-test-5.3.26.jar:5.3.26]
	at org.springframework.web.filter.CharacterEncodingFilter.doFilterInternal(CharacterEncodingFilter.java:201) ~[spring-web-5.3.26.jar:5.3.26]
	at org.springframework.web.filter.OncePerRequestFilter.doFilter(OncePerRequestFilter.java:117) ~[spring-web-5.3.26.jar:5.3.26]
	at org.springframework.mock.web.MockFilterChain.doFilter(MockFilterChain.java:134) ~[spring-test-5.3.26.jar:5.3.26]
	at org.springframework.test.web.servlet.MockMvc.perform(MockMvc.java:201) ~[spring-test-5.3.26.jar:5.3.26]
	at cn.gt.msg.controller.MessageControllerTest.testPushMessage_ServiceError(MessageControllerTest.java:105) ~[test-classes/:na]
	at java.base/jdk.internal.reflect.NativeMethodAccessorImpl.invoke0(Native Method) ~[na:na]
	at java.base/jdk.internal.reflect.NativeMethodAccessorImpl.invoke(NativeMethodAccessorImpl.java:77) ~[na:na]
	at java.base/jdk.internal.reflect.DelegatingMethodAccessorImpl.invoke(DelegatingMethodAccessorImpl.java:43) ~[na:na]
	at java.base/java.lang.reflect.Method.invoke(Method.java:569) ~[na:na]
	at org.junit.platform.commons.util.ReflectionUtils.invokeMethod(ReflectionUtils.java:725) ~[junit-platform-commons-1.8.2.jar:1.8.2]
	at org.junit.jupiter.engine.execution.MethodInvocation.proceed(MethodInvocation.java:60) ~[junit-jupiter-engine-5.8.2.jar:5.8.2]
	at org.junit.jupiter.engine.execution.InvocationInterceptorChain$ValidatingInvocation.proceed(InvocationInterceptorChain.java:131) ~[junit-jupiter-engine-5.8.2.jar:5.8.2]
	at org.junit.jupiter.engine.extension.TimeoutExtension.intercept(TimeoutExtension.java:149) ~[junit-jupiter-engine-5.8.2.jar:5.8.2]
	at org.junit.jupiter.engine.extension.TimeoutExtension.interceptTestableMethod(TimeoutExtension.java:140) ~[junit-jupiter-engine-5.8.2.jar:5.8.2]
	at org.junit.jupiter.engine.extension.TimeoutExtension.interceptTestMethod(TimeoutExtension.java:84) ~[junit-jupiter-engine-5.8.2.jar:5.8.2]
	at org.junit.jupiter.engine.execution.ExecutableInvoker$ReflectiveInterceptorCall.lambda$ofVoidMethod$0(ExecutableInvoker.java:115) ~[junit-jupiter-engine-5.8.2.jar:5.8.2]
	at org.junit.jupiter.engine.execution.ExecutableInvoker.lambda$invoke$0(ExecutableInvoker.java:105) ~[junit-jupiter-engine-5.8.2.jar:5.8.2]
	at org.junit.jupiter.engine.execution.InvocationInterceptorChain$InterceptedInvocation.proceed(InvocationInterceptorChain.java:106) ~[junit-jupiter-engine-5.8.2.jar:5.8.2]
	at org.junit.jupiter.engine.execution.InvocationInterceptorChain.proceed(InvocationInterceptorChain.java:64) ~[junit-jupiter-engine-5.8.2.jar:5.8.2]
	at org.junit.jupiter.engine.execution.InvocationInterceptorChain.chainAndInvoke(InvocationInterceptorChain.java:45) ~[junit-jupiter-engine-5.8.2.jar:5.8.2]
	at org.junit.jupiter.engine.execution.InvocationInterceptorChain.invoke(InvocationInterceptorChain.java:37) ~[junit-jupiter-engine-5.8.2.jar:5.8.2]
	at org.junit.jupiter.engine.execution.ExecutableInvoker.invoke(ExecutableInvoker.java:104) ~[junit-jupiter-engine-5.8.2.jar:5.8.2]
	at org.junit.jupiter.engine.execution.ExecutableInvoker.invoke(ExecutableInvoker.java:98) ~[junit-jupiter-engine-5.8.2.jar:5.8.2]
	at org.junit.jupiter.engine.descriptor.TestMethodTestDescriptor.lambda$invokeTestMethod$7(TestMethodTestDescriptor.java:214) ~[junit-jupiter-engine-5.8.2.jar:5.8.2]
	at org.junit.platform.engine.support.hierarchical.ThrowableCollector.execute(ThrowableCollector.java:73) ~[junit-platform-engine-1.8.2.jar:1.8.2]
	at org.junit.jupiter.engine.descriptor.TestMethodTestDescriptor.invokeTestMethod(TestMethodTestDescriptor.java:210) ~[junit-jupiter-engine-5.8.2.jar:5.8.2]
	at org.junit.jupiter.engine.descriptor.TestMethodTestDescriptor.execute(TestMethodTestDescriptor.java:135) ~[junit-jupiter-engine-5.8.2.jar:5.8.2]
	at org.junit.jupiter.engine.descriptor.TestMethodTestDescriptor.execute(TestMethodTestDescriptor.java:66) ~[junit-jupiter-engine-5.8.2.jar:5.8.2]
	at org.junit.platform.engine.support.hierarchical.NodeTestTask.lambda$executeRecursively$6(NodeTestTask.java:151) ~[junit-platform-engine-1.8.2.jar:1.8.2]
	at org.junit.platform.engine.support.hierarchical.ThrowableCollector.execute(ThrowableCollector.java:73) ~[junit-platform-engine-1.8.2.jar:1.8.2]
	at org.junit.platform.engine.support.hierarchical.NodeTestTask.lambda$executeRecursively$8(NodeTestTask.java:141) ~[junit-platform-engine-1.8.2.jar:1.8.2]
	at org.junit.platform.engine.support.hierarchical.Node.around(Node.java:137) ~[junit-platform-engine-1.8.2.jar:1.8.2]
	at org.junit.platform.engine.support.hierarchical.NodeTestTask.lambda$executeRecursively$9(NodeTestTask.java:139) ~[junit-platform-engine-1.8.2.jar:1.8.2]
	at org.junit.platform.engine.support.hierarchical.ThrowableCollector.execute(ThrowableCollector.java:73) ~[junit-platform-engine-1.8.2.jar:1.8.2]
	at org.junit.platform.engine.support.hierarchical.NodeTestTask.executeRecursively(NodeTestTask.java:138) ~[junit-platform-engine-1.8.2.jar:1.8.2]
	at org.junit.platform.engine.support.hierarchical.NodeTestTask.execute(NodeTestTask.java:95) ~[junit-platform-engine-1.8.2.jar:1.8.2]
	at java.base/java.util.ArrayList.forEach(ArrayList.java:1511) ~[na:na]
	at org.junit.platform.engine.support.hierarchical.SameThreadHierarchicalTestExecutorService.invokeAll(SameThreadHierarchicalTestExecutorService.java:41) ~[junit-platform-engine-1.8.2.jar:1.8.2]
	at org.junit.platform.engine.support.hierarchical.NodeTestTask.lambda$executeRecursively$6(NodeTestTask.java:155) ~[junit-platform-engine-1.8.2.jar:1.8.2]
	at org.junit.platform.engine.support.hierarchical.ThrowableCollector.execute(ThrowableCollector.java:73) ~[junit-platform-engine-1.8.2.jar:1.8.2]
	at org.junit.platform.engine.support.hierarchical.NodeTestTask.lambda$executeRecursively$8(NodeTestTask.java:141) ~[junit-platform-engine-1.8.2.jar:1.8.2]
	at org.junit.platform.engine.support.hierarchical.Node.around(Node.java:137) ~[junit-platform-engine-1.8.2.jar:1.8.2]
	at org.junit.platform.engine.support.hierarchical.NodeTestTask.lambda$executeRecursively$9(NodeTestTask.java:139) ~[junit-platform-engine-1.8.2.jar:1.8.2]
	at org.junit.platform.engine.support.hierarchical.ThrowableCollector.execute(ThrowableCollector.java:73) ~[junit-platform-engine-1.8.2.jar:1.8.2]
	at org.junit.platform.engine.support.hierarchical.NodeTestTask.executeRecursively(NodeTestTask.java:138) ~[junit-platform-engine-1.8.2.jar:1.8.2]
	at org.junit.platform.engine.support.hierarchical.NodeTestTask.execute(NodeTestTask.java:95) ~[junit-platform-engine-1.8.2.jar:1.8.2]
	at java.base/java.util.ArrayList.forEach(ArrayList.java:1511) ~[na:na]
	at org.junit.platform.engine.support.hierarchical.SameThreadHierarchicalTestExecutorService.invokeAll(SameThreadHierarchicalTestExecutorService.java:41) ~[junit-platform-engine-1.8.2.jar:1.8.2]
	at org.junit.platform.engine.support.hierarchical.NodeTestTask.lambda$executeRecursively$6(NodeTestTask.java:155) ~[junit-platform-engine-1.8.2.jar:1.8.2]
	at org.junit.platform.engine.support.hierarchical.ThrowableCollector.execute(ThrowableCollector.java:73) ~[junit-platform-engine-1.8.2.jar:1.8.2]
	at org.junit.platform.engine.support.hierarchical.NodeTestTask.lambda$executeRecursively$8(NodeTestTask.java:141) ~[junit-platform-engine-1.8.2.jar:1.8.2]
	at org.junit.platform.engine.support.hierarchical.Node.around(Node.java:137) ~[junit-platform-engine-1.8.2.jar:1.8.2]
	at org.junit.platform.engine.support.hierarchical.NodeTestTask.lambda$executeRecursively$9(NodeTestTask.java:139) ~[junit-platform-engine-1.8.2.jar:1.8.2]
	at org.junit.platform.engine.support.hierarchical.ThrowableCollector.execute(ThrowableCollector.java:73) ~[junit-platform-engine-1.8.2.jar:1.8.2]
	at org.junit.platform.engine.support.hierarchical.NodeTestTask.executeRecursively(NodeTestTask.java:138) ~[junit-platform-engine-1.8.2.jar:1.8.2]
	at org.junit.platform.engine.support.hierarchical.NodeTestTask.execute(NodeTestTask.java:95) ~[junit-platform-engine-1.8.2.jar:1.8.2]
	at org.junit.platform.engine.support.hierarchical.SameThreadHierarchicalTestExecutorService.submit(SameThreadHierarchicalTestExecutorService.java:35) ~[junit-platform-engine-1.8.2.jar:1.8.2]
	at org.junit.platform.engine.support.hierarchical.HierarchicalTestExecutor.execute(HierarchicalTestExecutor.java:57) ~[junit-platform-engine-1.8.2.jar:1.8.2]
	at org.junit.platform.engine.support.hierarchical.HierarchicalTestEngine.execute(HierarchicalTestEngine.java:54) ~[junit-platform-engine-1.8.2.jar:1.8.2]
	at org.junit.platform.launcher.core.DefaultLauncher.execute(DefaultLauncher.java:220) ~[junit-platform-launcher-1.3.1.jar:1.3.1]
	at org.junit.platform.launcher.core.DefaultLauncher.lambda$execute$6(DefaultLauncher.java:188) ~[junit-platform-launcher-1.3.1.jar:1.3.1]
	at org.junit.platform.launcher.core.DefaultLauncher.withInterceptedStreams(DefaultLauncher.java:202) ~[junit-platform-launcher-1.3.1.jar:1.3.1]
	at org.junit.platform.launcher.core.DefaultLauncher.execute(DefaultLauncher.java:181) ~[junit-platform-launcher-1.3.1.jar:1.3.1]
	at org.junit.platform.launcher.core.DefaultLauncher.execute(DefaultLauncher.java:128) ~[junit-platform-launcher-1.3.1.jar:1.3.1]
	at org.apache.maven.surefire.junitplatform.JUnitPlatformProvider.invokeAllTests(JUnitPlatformProvider.java:150) ~[surefire-junit-platform-2.22.2.jar:2.22.2]
	at org.apache.maven.surefire.junitplatform.JUnitPlatformProvider.invoke(JUnitPlatformProvider.java:124) ~[surefire-junit-platform-2.22.2.jar:2.22.2]
	at org.apache.maven.surefire.booter.ForkedBooter.invokeProviderInSameClassLoader(ForkedBooter.java:384) ~[surefire-booter-2.22.2.jar:2.22.2]
	at org.apache.maven.surefire.booter.ForkedBooter.runSuitesInProcess(ForkedBooter.java:345) ~[surefire-booter-2.22.2.jar:2.22.2]
	at org.apache.maven.surefire.booter.ForkedBooter.execute(ForkedBooter.java:126) ~[surefire-booter-2.22.2.jar:2.22.2]
	at org.apache.maven.surefire.booter.ForkedBooter.main(ForkedBooter.java:418) ~[surefire-booter-2.22.2.jar:2.22.2]

2025-11-15 15:14:54.524  WARN 4085 --- [main] .w.s.m.s.DefaultHandlerExceptionResolver : Resolved [org.springframework.web.bind.MethodArgumentNotValidException: Validation failed for argument [0] in public cn.gt.msg.dto.Result<java.lang.String> cn.gt.msg.controller.MessageController.pushMessage(cn.gt.msg.dto.MessagePushRequest): [Field error in object 'messagePushRequest' on field 'message': rejected value [null]; codes [NotNull.messagePushRequest.message,NotNull.message,NotNull.java.util.Map,NotNull]; arguments [org.springframework.context.support.DefaultMessageSourceResolvable: codes [messagePushRequest.message,message]; arguments []; default message [message]]; default message [消息内容不能为空]] ]
